#-----------------------------------------------------------
# Vivado v2019.2 (64-bit)
# SW Build 2708876 on Wed Nov  6 21:40:23 MST 2019
# IP Build 2700528 on Thu Nov  7 00:09:20 MST 2019
# Start of session at: Wed Nov 23 01:16:27 2022
# Process ID: 21192
# Current directory: C:/Users/jadha/OneDrive/Desktop/FPGA_Proj/Text_Editor/Text_Editor_Final_Proj/RVfpga/Vivado_Project_Files/TextEditor
# Command line: vivado.exe -gui_launcher_event rodinguilauncherevent33264 C:\Users\jadha\OneDrive\Desktop\FPGA_Proj\Text_Editor\Text_Editor_Final_Proj\RVfpga\Vivado_Project_Files\TextEditor\TextEditor.xpr
# Log file: C:/Users/jadha/OneDrive/Desktop/FPGA_Proj/Text_Editor/Text_Editor_Final_Proj/RVfpga/Vivado_Project_Files/TextEditor/vivado.log
# Journal file: C:/Users/jadha/OneDrive/Desktop/FPGA_Proj/Text_Editor/Text_Editor_Final_Proj/RVfpga/Vivado_Project_Files/TextEditor\vivado.jou
#-----------------------------------------------------------
start_gui
open_project C:/Users/jadha/OneDrive/Desktop/FPGA_Proj/Text_Editor/Text_Editor_Final_Proj/RVfpga/Vivado_Project_Files/TextEditor/TextEditor.xpr
INFO: [ProjectBase 1-489] The host OS only allows 260 characters in a normal path. The project is stored in a path with more than 80 characters. If you experience issues with IP, Block Designs, or files not being found, please consider moving the project to a location with a shorter path. Alternately consider using the OS subst command to map part of the path to a drive letter.
Current project path is 'C:/Users/jadha/OneDrive/Desktop/FPGA_Proj/Text_Editor/Text_Editor_Final_Proj/RVfpga/Vivado_Project_Files/TextEditor'
INFO: [Project 1-313] Project file moved from 'C:/Users/raghv/OneDrive/Desktop/FPGA_Proj/Text_Editor_Final_Proj/RVfpga/Vivado_Project_Files/TextEditor' since last save.
Scanning sources...
Finished scanning sources
INFO: [IP_Flow 19-234] Refreshing IP repositories
INFO: [IP_Flow 19-1704] No user IP repositories specified
INFO: [IP_Flow 19-2313] Loaded Vivado IP repository 'C:/Xilinx/Vivado/2019.2/data/ip'.
CRITICAL WARNING: [Common 17-1649] The Vivado message database 'C:/Users/jadha/OneDrive/Desktop/FPGA_Proj/Text_Editor/Text_Editor_Final_Proj/RVfpga/Vivado_Project_Files/TextEditor/TextEditor.runs/synth_1/vivado.pb' contains 20538 messages. Restoring all messages from this message database will impact Vivado performance, so only WARNING, CRITICAL WARNING, and ERROR messages will be restored. To restore all messages from this file use the tcl command 'set_param messaging.loadPbLimit 20539' and re-open the project.
open_project: Time (s): cpu = 00:00:06 ; elapsed = 00:00:08 . Memory (MB): peak = 1056.031 ; gain = 171.418
WARNING: [filemgmt 56-315] Source scanning failed during design analysis. To get more details run synthesis or simulation and check the log.
update_compile_order -fileset sources_1
reset_run synth_1
launch_runs impl_1 -to_step write_bitstream -jobs 12
[Wed Nov 23 01:43:03 2022] Launched synth_1...
Run output will be captured here: C:/Users/jadha/OneDrive/Desktop/FPGA_Proj/Text_Editor/Text_Editor_Final_Proj/RVfpga/Vivado_Project_Files/TextEditor/TextEditor.runs/synth_1/runme.log
[Wed Nov 23 01:43:03 2022] Launched impl_1...
Run output will be captured here: C:/Users/jadha/OneDrive/Desktop/FPGA_Proj/Text_Editor/Text_Editor_Final_Proj/RVfpga/Vivado_Project_Files/TextEditor/TextEditor.runs/impl_1/runme.log
WARNING: [filemgmt 56-315] Source scanning failed during design analysis. To get more details run synthesis or simulation and check the log.
reset_run synth_1
launch_runs impl_1 -to_step write_bitstream -jobs 12
[Wed Nov 23 01:48:41 2022] Launched synth_1...
Run output will be captured here: C:/Users/jadha/OneDrive/Desktop/FPGA_Proj/Text_Editor/Text_Editor_Final_Proj/RVfpga/Vivado_Project_Files/TextEditor/TextEditor.runs/synth_1/runme.log
[Wed Nov 23 01:48:41 2022] Launched impl_1...
Run output will be captured here: C:/Users/jadha/OneDrive/Desktop/FPGA_Proj/Text_Editor/Text_Editor_Final_Proj/RVfpga/Vivado_Project_Files/TextEditor/TextEditor.runs/impl_1/runme.log
CRITICAL WARNING: [Common 17-1649] The Vivado message database 'C:/Users/jadha/OneDrive/Desktop/FPGA_Proj/Text_Editor/Text_Editor_Final_Proj/RVfpga/Vivado_Project_Files/TextEditor/TextEditor.runs/synth_1/vivado.pb' contains 20619 messages. Restoring all messages from this message database will impact Vivado performance, so only WARNING, CRITICAL WARNING, and ERROR messages will be restored. To restore all messages from this file use the tcl command 'set_param messaging.loadPbLimit 20620' and re-open the project.
exit
INFO: [Common 17-206] Exiting Vivado at Wed Nov 23 02:04:39 2022...
